build/app/intermediates/manifest_merge_blame_file/release/manifest-merger-blame-release-report.txt
1<?xml version="1.0" encoding="utf-8"?>
2<manifest xmlns:android="http://schemas.android.com/apk/res/android"
3    package="com.example.login_page"
4    android:versionCode="1"
5    android:versionName="1.0.0" >
6
7    <uses-sdk
8        android:minSdkVersion="21"
8-->src\main\AndroidManifest.xml
9        android:targetSdkVersion="31" />
9-->src\main\AndroidManifest.xml
10
11    <uses-permission android:name="android.permission.INTERNET" />
11-->src\main\AndroidManifest.xml:4:6-68
11-->src\main\AndroidManifest.xml:4:23-65
12
13    <queries>
13-->src\main\AndroidManifest.xml:5:6-7:15
14        <provider android:authorities="com.facebook.katana.provider.PlatformProvider" />
14-->src\main\AndroidManifest.xml:6:9-89
14-->src\main\AndroidManifest.xml:6:19-86
15
16        <package android:name="com.facebook.katana" />
16-->[com.facebook.android:facebook-common:14.1.1] AndroidManifest.xml:30:9-55
16-->[com.facebook.android:facebook-common:14.1.1] AndroidManifest.xml:30:18-52
17    </queries>
18
19    <uses-permission android:name="android.permission.ACCESS_NETWORK_STATE" />
19-->[com.google.firebase:firebase-auth:21.0.7] AndroidManifest.xml:24:5-79
19-->[com.google.firebase:firebase-auth:21.0.7] AndroidManifest.xml:24:22-76
20    <uses-permission android:name="android.permission.WAKE_LOCK" />
20-->[com.google.android.gms:play-services-measurement-api:21.1.0] AndroidManifest.xml:24:5-68
20-->[com.google.android.gms:play-services-measurement-api:21.1.0] AndroidManifest.xml:24:22-65
21    <uses-permission android:name="com.google.android.gms.permission.AD_ID" />
21-->[com.google.android.gms:play-services-measurement-api:21.1.0] AndroidManifest.xml:25:5-79
21-->[com.google.android.gms:play-services-measurement-api:21.1.0] AndroidManifest.xml:25:22-76
22    <uses-permission android:name="com.google.android.finsky.permission.BIND_GET_INSTALL_REFERRER_SERVICE" />
22-->[com.google.android.gms:play-services-measurement:21.1.0] AndroidManifest.xml:26:5-110
22-->[com.google.android.gms:play-services-measurement:21.1.0] AndroidManifest.xml:26:22-107
23
24    <application
25        android:name="android.app.Application"
25-->src\main\AndroidManifest.xml:10:9-42
26        android:allowBackup="true"
26-->src\main\AndroidManifest.xml:9:9-35
27        android:appComponentFactory="androidx.core.app.CoreComponentFactory"
27-->[androidx.core:core:1.6.0] AndroidManifest.xml:24:18-86
28        android:icon="@mipmap/ic_launcher"
28-->src\main\AndroidManifest.xml:12:9-43
29        android:supportsRtl="true"
29-->[com.facebook.android:facebook-login:14.1.1] AndroidManifest.xml:28:18-44
30        android:usesCleartextTraffic="true" >
30-->src\main\AndroidManifest.xml:11:9-44
31        <activity
31-->src\main\AndroidManifest.xml:13:9-40:20
32            android:name="com.example.login_page.MainActivity"
32-->src\main\AndroidManifest.xml:14:13-41
33            android:configChanges="orientation|keyboardHidden|keyboard|screenSize|smallestScreenSize|locale|layoutDirection|fontScale|screenLayout|density|uiMode"
33-->src\main\AndroidManifest.xml:19:13-163
34            android:exported="true"
34-->src\main\AndroidManifest.xml:15:13-36
35            android:hardwareAccelerated="true"
35-->src\main\AndroidManifest.xml:20:13-47
36            android:label="@string/app_name"
36-->src\main\AndroidManifest.xml:16:13-45
37            android:launchMode="singleTop"
37-->src\main\AndroidManifest.xml:17:13-43
38            android:theme="@style/LaunchTheme"
38-->src\main\AndroidManifest.xml:18:13-47
39            android:windowSoftInputMode="adjustResize" >
39-->src\main\AndroidManifest.xml:21:13-55
40
41            <!--
42                 Specifies an Android theme to apply to this Activity as soon as
43                 the Android process has started. This theme is visible to the user
44                 while the Flutter UI initializes. After that, this theme continues
45                 to determine the Window background behind the Flutter UI.
46            -->
47            <meta-data
47-->src\main\AndroidManifest.xml:27:13-31:17
48                android:name="io.flutter.embedding.android.NormalTheme"
48-->src\main\AndroidManifest.xml:28:15-70
49                android:resource="@style/NormalTheme" />
49-->src\main\AndroidManifest.xml:29:15-52
50            <meta-data
50-->src\main\AndroidManifest.xml:32:15-33:58
51                android:name="com.facebook.sdk.ApplicationId"
51-->src\main\AndroidManifest.xml:32:26-71
52                android:value="@string/facebook_app_id" />
52-->src\main\AndroidManifest.xml:33:17-56
53            <meta-data
53-->src\main\AndroidManifest.xml:34:13-35:68
54                android:name="com.facebook.sdk.ClientToken"
54-->src\main\AndroidManifest.xml:34:24-67
55                android:value="@string/facebook_client_token" />
55-->src\main\AndroidManifest.xml:35:21-66
56
57            <intent-filter>
57-->src\main\AndroidManifest.xml:36:13-39:29
58                <action android:name="android.intent.action.MAIN" />
58-->src\main\AndroidManifest.xml:37:17-68
58-->src\main\AndroidManifest.xml:37:25-66
59
60                <category android:name="android.intent.category.LAUNCHER" />
60-->src\main\AndroidManifest.xml:38:17-76
60-->src\main\AndroidManifest.xml:38:27-74
61            </intent-filter>
62        </activity>
63        <activity
63-->src\main\AndroidManifest.xml:41:10-44:48
64            android:name="com.facebook.FacebookActivity"
64-->src\main\AndroidManifest.xml:41:20-64
65            android:configChanges="keyboard|keyboardHidden|screenLayout|screenSize|orientation"
65-->src\main\AndroidManifest.xml:42:13-118
66            android:label="@string/app_name"
66-->src\main\AndroidManifest.xml:44:13-45
67            android:theme="@style/com_facebook_activity_theme" />
67-->[com.facebook.android:facebook-common:14.1.1] AndroidManifest.xml:37:13-63
68        <activity
68-->src\main\AndroidManifest.xml:45:9-54:20
69            android:name="com.facebook.CustomTabActivity"
69-->src\main\AndroidManifest.xml:46:13-58
70            android:exported="true" >
70-->src\main\AndroidManifest.xml:47:13-36
71            <intent-filter>
71-->src\main\AndroidManifest.xml:48:13-53:29
72                <action android:name="android.intent.action.VIEW" />
72-->src\main\AndroidManifest.xml:49:17-69
72-->src\main\AndroidManifest.xml:49:25-66
73
74                <category android:name="android.intent.category.DEFAULT" />
74-->src\main\AndroidManifest.xml:50:17-76
74-->src\main\AndroidManifest.xml:50:27-73
75                <category android:name="android.intent.category.BROWSABLE" />
75-->src\main\AndroidManifest.xml:51:17-78
75-->src\main\AndroidManifest.xml:51:27-75
76
77                <data android:scheme="@string/fb_login_protocol_scheme" />
77-->src\main\AndroidManifest.xml:52:17-75
77-->src\main\AndroidManifest.xml:52:23-72
78            </intent-filter>
79            <intent-filter>
79-->[com.facebook.android:facebook-common:14.1.1] AndroidManifest.xml:43:13-52:29
80                <action android:name="android.intent.action.VIEW" />
80-->src\main\AndroidManifest.xml:49:17-69
80-->src\main\AndroidManifest.xml:49:25-66
81
82                <category android:name="android.intent.category.DEFAULT" />
82-->src\main\AndroidManifest.xml:50:17-76
82-->src\main\AndroidManifest.xml:50:27-73
83                <category android:name="android.intent.category.BROWSABLE" />
83-->src\main\AndroidManifest.xml:51:17-78
83-->src\main\AndroidManifest.xml:51:27-75
84
85                <data
85-->src\main\AndroidManifest.xml:52:17-75
86                    android:host="cct.com.example.login_page"
87                    android:scheme="fbconnect" />
87-->src\main\AndroidManifest.xml:52:23-72
88            </intent-filter>
89        </activity>
90        <!--
91             Don't delete the meta-data below.
92             This is used by the Flutter tool to generate GeneratedPluginRegistrant.java
93        -->
94        <meta-data
94-->src\main\AndroidManifest.xml:57:9-59:33
95            android:name="flutterEmbedding"
95-->src\main\AndroidManifest.xml:58:13-44
96            android:value="2" />
96-->src\main\AndroidManifest.xml:59:13-30
97
98        <service
98-->[:firebase_auth] AndroidManifest.xml:10:9-14:19
99            android:name="com.google.firebase.components.ComponentDiscoveryService"
99-->[:firebase_auth] AndroidManifest.xml:10:18-89
100            android:directBootAware="true"
100-->[com.google.firebase:firebase-common:20.1.1] AndroidManifest.xml:35:13-43
101            android:exported="false" >
101-->[com.google.firebase:firebase-auth:21.0.7] AndroidManifest.xml:66:13-37
102            <meta-data
102-->[:firebase_auth] AndroidManifest.xml:11:13-13:85
103                android:name="com.google.firebase.components:io.flutter.plugins.firebase.auth.FlutterFirebaseAuthRegistrar"
103-->[:firebase_auth] AndroidManifest.xml:12:17-124
104                android:value="com.google.firebase.components.ComponentRegistrar" />
104-->[:firebase_auth] AndroidManifest.xml:13:17-82
105            <meta-data
105-->[:cloud_firestore] AndroidManifest.xml:11:13-13:85
106                android:name="com.google.firebase.components:io.flutter.plugins.firebase.firestore.FlutterFirebaseFirestoreRegistrar"
106-->[:cloud_firestore] AndroidManifest.xml:12:17-134
107                android:value="com.google.firebase.components.ComponentRegistrar" />
107-->[:cloud_firestore] AndroidManifest.xml:13:17-82
108            <meta-data
108-->[:firebase_core] AndroidManifest.xml:11:13-13:85
109                android:name="com.google.firebase.components:io.flutter.plugins.firebase.core.FlutterFirebaseCoreRegistrar"
109-->[:firebase_core] AndroidManifest.xml:12:17-124
110                android:value="com.google.firebase.components.ComponentRegistrar" />
110-->[:firebase_core] AndroidManifest.xml:13:17-82
111            <meta-data
111-->[com.google.firebase:firebase-auth:21.0.7] AndroidManifest.xml:67:13-69:85
112                android:name="com.google.firebase.components:com.google.firebase.auth.FirebaseAuthRegistrar"
112-->[com.google.firebase:firebase-auth:21.0.7] AndroidManifest.xml:68:17-109
113                android:value="com.google.firebase.components.ComponentRegistrar" />
113-->[com.google.firebase:firebase-auth:21.0.7] AndroidManifest.xml:69:17-82
114            <meta-data
114-->[com.google.firebase:firebase-firestore:24.2.2] AndroidManifest.xml:20:13-22:85
115                android:name="com.google.firebase.components:com.google.firebase.firestore.FirestoreRegistrar"
115-->[com.google.firebase:firebase-firestore:24.2.2] AndroidManifest.xml:21:17-111
116                android:value="com.google.firebase.components.ComponentRegistrar" />
116-->[com.google.firebase:firebase-firestore:24.2.2] AndroidManifest.xml:22:17-82
117            <meta-data
117-->[com.google.android.gms:play-services-measurement-api:21.1.0] AndroidManifest.xml:31:13-33:85
118                android:name="com.google.firebase.components:com.google.firebase.analytics.connector.internal.AnalyticsConnectorRegistrar"
118-->[com.google.android.gms:play-services-measurement-api:21.1.0] AndroidManifest.xml:32:17-139
119                android:value="com.google.firebase.components.ComponentRegistrar" />
119-->[com.google.android.gms:play-services-measurement-api:21.1.0] AndroidManifest.xml:33:17-82
120            <meta-data
120-->[com.google.firebase:firebase-installations:17.0.1] AndroidManifest.xml:18:13-20:85
121                android:name="com.google.firebase.components:com.google.firebase.installations.FirebaseInstallationsRegistrar"
121-->[com.google.firebase:firebase-installations:17.0.1] AndroidManifest.xml:19:17-127
122                android:value="com.google.firebase.components.ComponentRegistrar" />
122-->[com.google.firebase:firebase-installations:17.0.1] AndroidManifest.xml:20:17-82
123        </service>
124
125        <uses-library
125-->[androidx.window:window:1.0.0-beta04] AndroidManifest.xml:25:9-27:40
126            android:name="androidx.window.extensions"
126-->[androidx.window:window:1.0.0-beta04] AndroidManifest.xml:26:13-54
127            android:required="false" />
127-->[androidx.window:window:1.0.0-beta04] AndroidManifest.xml:27:13-37
128        <uses-library
128-->[androidx.window:window:1.0.0-beta04] AndroidManifest.xml:28:9-30:40
129            android:name="androidx.window.sidecar"
129-->[androidx.window:window:1.0.0-beta04] AndroidManifest.xml:29:13-51
130            android:required="false" />
130-->[androidx.window:window:1.0.0-beta04] AndroidManifest.xml:30:13-37
131
132        <activity
132-->[com.google.firebase:firebase-auth:21.0.7] AndroidManifest.xml:27:9-44:20
133            android:name="com.google.firebase.auth.internal.GenericIdpActivity"
133-->[com.google.firebase:firebase-auth:21.0.7] AndroidManifest.xml:28:13-80
134            android:excludeFromRecents="true"
134-->[com.google.firebase:firebase-auth:21.0.7] AndroidManifest.xml:29:13-46
135            android:exported="true"
135-->[com.google.firebase:firebase-auth:21.0.7] AndroidManifest.xml:30:13-36
136            android:launchMode="singleTask"
136-->[com.google.firebase:firebase-auth:21.0.7] AndroidManifest.xml:31:13-44
137            android:theme="@android:style/Theme.Translucent.NoTitleBar" >
137-->[com.google.firebase:firebase-auth:21.0.7] AndroidManifest.xml:32:13-72
138            <intent-filter>
138-->[com.google.firebase:firebase-auth:21.0.7] AndroidManifest.xml:33:13-43:29
139                <action android:name="android.intent.action.VIEW" />
139-->src\main\AndroidManifest.xml:49:17-69
139-->src\main\AndroidManifest.xml:49:25-66
140
141                <category android:name="android.intent.category.DEFAULT" />
141-->src\main\AndroidManifest.xml:50:17-76
141-->src\main\AndroidManifest.xml:50:27-73
142                <category android:name="android.intent.category.BROWSABLE" />
142-->src\main\AndroidManifest.xml:51:17-78
142-->src\main\AndroidManifest.xml:51:27-75
143
144                <data
144-->src\main\AndroidManifest.xml:52:17-75
145                    android:host="firebase.auth"
146                    android:path="/"
147                    android:scheme="genericidp" />
147-->src\main\AndroidManifest.xml:52:23-72
148            </intent-filter>
149        </activity>
150        <activity
150-->[com.google.firebase:firebase-auth:21.0.7] AndroidManifest.xml:45:9-62:20
151            android:name="com.google.firebase.auth.internal.RecaptchaActivity"
151-->[com.google.firebase:firebase-auth:21.0.7] AndroidManifest.xml:46:13-79
152            android:excludeFromRecents="true"
152-->[com.google.firebase:firebase-auth:21.0.7] AndroidManifest.xml:47:13-46
153            android:exported="true"
153-->[com.google.firebase:firebase-auth:21.0.7] AndroidManifest.xml:48:13-36
154            android:launchMode="singleTask"
154-->[com.google.firebase:firebase-auth:21.0.7] AndroidManifest.xml:49:13-44
155            android:theme="@android:style/Theme.Translucent.NoTitleBar" >
155-->[com.google.firebase:firebase-auth:21.0.7] AndroidManifest.xml:50:13-72
156            <intent-filter>
156-->[com.google.firebase:firebase-auth:21.0.7] AndroidManifest.xml:51:13-61:29
157                <action android:name="android.intent.action.VIEW" />
157-->src\main\AndroidManifest.xml:49:17-69
157-->src\main\AndroidManifest.xml:49:25-66
158
159                <category android:name="android.intent.category.DEFAULT" />
159-->src\main\AndroidManifest.xml:50:17-76
159-->src\main\AndroidManifest.xml:50:27-73
160                <category android:name="android.intent.category.BROWSABLE" />
160-->src\main\AndroidManifest.xml:51:17-78
160-->src\main\AndroidManifest.xml:51:27-75
161
162                <data
162-->src\main\AndroidManifest.xml:52:17-75
163                    android:host="firebase.auth"
164                    android:path="/"
165                    android:scheme="recaptcha" />
165-->src\main\AndroidManifest.xml:52:23-72
166            </intent-filter>
167        </activity>
168
169        <provider
169-->[com.google.firebase:firebase-common:20.1.1] AndroidManifest.xml:26:9-31:39
170            android:name="com.google.firebase.provider.FirebaseInitProvider"
170-->[com.google.firebase:firebase-common:20.1.1] AndroidManifest.xml:27:13-77
171            android:authorities="com.example.login_page.firebaseinitprovider"
171-->[com.google.firebase:firebase-common:20.1.1] AndroidManifest.xml:28:13-72
172            android:directBootAware="true"
172-->[com.google.firebase:firebase-common:20.1.1] AndroidManifest.xml:29:13-43
173            android:exported="false"
173-->[com.google.firebase:firebase-common:20.1.1] AndroidManifest.xml:30:13-37
174            android:initOrder="100" />
174-->[com.google.firebase:firebase-common:20.1.1] AndroidManifest.xml:31:13-36
175
176        <activity android:name="com.facebook.CustomTabMainActivity" />
176-->[com.facebook.android:facebook-common:14.1.1] AndroidManifest.xml:38:9-71
176-->[com.facebook.android:facebook-common:14.1.1] AndroidManifest.xml:38:19-68
177        <activity
177-->[com.google.android.gms:play-services-auth:20.0.1] AndroidManifest.xml:23:9-27:75
178            android:name="com.google.android.gms.auth.api.signin.internal.SignInHubActivity"
178-->[com.google.android.gms:play-services-auth:20.0.1] AndroidManifest.xml:24:13-93
179            android:excludeFromRecents="true"
179-->[com.google.android.gms:play-services-auth:20.0.1] AndroidManifest.xml:25:13-46
180            android:exported="false"
180-->[com.google.android.gms:play-services-auth:20.0.1] AndroidManifest.xml:26:13-37
181            android:theme="@android:style/Theme.Translucent.NoTitleBar" />
181-->[com.google.android.gms:play-services-auth:20.0.1] AndroidManifest.xml:27:13-72
182        <!--
183            Service handling Google Sign-In user revocation. For apps that do not integrate with
184            Google Sign-In, this service will never be started.
185        -->
186        <service
186-->[com.google.android.gms:play-services-auth:20.0.1] AndroidManifest.xml:33:9-37:51
187            android:name="com.google.android.gms.auth.api.signin.RevocationBoundService"
187-->[com.google.android.gms:play-services-auth:20.0.1] AndroidManifest.xml:34:13-89
188            android:exported="true"
188-->[com.google.android.gms:play-services-auth:20.0.1] AndroidManifest.xml:35:13-36
189            android:permission="com.google.android.gms.auth.api.signin.permission.REVOCATION_NOTIFICATION"
189-->[com.google.android.gms:play-services-auth:20.0.1] AndroidManifest.xml:36:13-107
190            android:visibleToInstantApps="true" />
190-->[com.google.android.gms:play-services-auth:20.0.1] AndroidManifest.xml:37:13-48
191
192        <activity
192-->[com.google.android.gms:play-services-base:18.0.1] AndroidManifest.xml:20:9-22:45
193            android:name="com.google.android.gms.common.api.GoogleApiActivity"
193-->[com.google.android.gms:play-services-base:18.0.1] AndroidManifest.xml:20:19-85
194            android:exported="false"
194-->[com.google.android.gms:play-services-base:18.0.1] AndroidManifest.xml:22:19-43
195            android:theme="@android:style/Theme.Translucent.NoTitleBar" />
195-->[com.google.android.gms:play-services-base:18.0.1] AndroidManifest.xml:21:19-78
196
197        <receiver
197-->[com.google.android.gms:play-services-measurement:21.1.0] AndroidManifest.xml:29:9-33:20
198            android:name="com.google.android.gms.measurement.AppMeasurementReceiver"
198-->[com.google.android.gms:play-services-measurement:21.1.0] AndroidManifest.xml:30:13-85
199            android:enabled="true"
199-->[com.google.android.gms:play-services-measurement:21.1.0] AndroidManifest.xml:31:13-35
200            android:exported="false" >
200-->[com.google.android.gms:play-services-measurement:21.1.0] AndroidManifest.xml:32:13-37
201        </receiver>
202
203        <service
203-->[com.google.android.gms:play-services-measurement:21.1.0] AndroidManifest.xml:35:9-38:40
204            android:name="com.google.android.gms.measurement.AppMeasurementService"
204-->[com.google.android.gms:play-services-measurement:21.1.0] AndroidManifest.xml:36:13-84
205            android:enabled="true"
205-->[com.google.android.gms:play-services-measurement:21.1.0] AndroidManifest.xml:37:13-35
206            android:exported="false" />
206-->[com.google.android.gms:play-services-measurement:21.1.0] AndroidManifest.xml:38:13-37
207        <service
207-->[com.google.android.gms:play-services-measurement:21.1.0] AndroidManifest.xml:39:9-43:72
208            android:name="com.google.android.gms.measurement.AppMeasurementJobService"
208-->[com.google.android.gms:play-services-measurement:21.1.0] AndroidManifest.xml:40:13-87
209            android:enabled="true"
209-->[com.google.android.gms:play-services-measurement:21.1.0] AndroidManifest.xml:41:13-35
210            android:exported="false"
210-->[com.google.android.gms:play-services-measurement:21.1.0] AndroidManifest.xml:42:13-37
211            android:permission="android.permission.BIND_JOB_SERVICE" />
211-->[com.google.android.gms:play-services-measurement:21.1.0] AndroidManifest.xml:43:13-69
212
213        <meta-data
213-->[com.google.android.gms:play-services-basement:18.0.0] AndroidManifest.xml:21:9-23:69
214            android:name="com.google.android.gms.version"
214-->[com.google.android.gms:play-services-basement:18.0.0] AndroidManifest.xml:22:13-58
215            android:value="@integer/google_play_services_version" />
215-->[com.google.android.gms:play-services-basement:18.0.0] AndroidManifest.xml:23:13-66
216        <!--
217         The initialization ContentProvider will call FacebookSdk.sdkInitialize automatically
218         with the application context. This config is merged in with the host app's manifest,
219         but there can only be one provider with the same authority activated at any given
220         point; so if the end user has two or more different apps that use Facebook SDK, only the
221         first one will be able to use the provider. To work around this problem, we use the
222         following placeholder in the authority to identify each host application as if it was
223         a completely different provider.
224        -->
225        <provider
225-->[com.facebook.android:facebook-core:14.1.1] AndroidManifest.xml:41:9-44:40
226            android:name="com.facebook.internal.FacebookInitProvider"
226-->[com.facebook.android:facebook-core:14.1.1] AndroidManifest.xml:42:13-70
227            android:authorities="com.example.login_page.FacebookInitProvider"
227-->[com.facebook.android:facebook-core:14.1.1] AndroidManifest.xml:43:13-72
228            android:exported="false" />
228-->[com.facebook.android:facebook-core:14.1.1] AndroidManifest.xml:44:13-37
229
230        <receiver
230-->[com.facebook.android:facebook-core:14.1.1] AndroidManifest.xml:46:9-52:20
231            android:name="com.facebook.CurrentAccessTokenExpirationBroadcastReceiver"
231-->[com.facebook.android:facebook-core:14.1.1] AndroidManifest.xml:47:13-86
232            android:exported="false" >
232-->[com.facebook.android:facebook-core:14.1.1] AndroidManifest.xml:48:13-37
233            <intent-filter>
233-->[com.facebook.android:facebook-core:14.1.1] AndroidManifest.xml:49:13-51:29
234                <action android:name="com.facebook.sdk.ACTION_CURRENT_ACCESS_TOKEN_CHANGED" />
234-->[com.facebook.android:facebook-core:14.1.1] AndroidManifest.xml:50:17-95
234-->[com.facebook.android:facebook-core:14.1.1] AndroidManifest.xml:50:25-92
235            </intent-filter>
236        </receiver>
237        <receiver
237-->[com.facebook.android:facebook-core:14.1.1] AndroidManifest.xml:53:9-59:20
238            android:name="com.facebook.AuthenticationTokenManager$CurrentAuthenticationTokenChangedBroadcastReceiver"
238-->[com.facebook.android:facebook-core:14.1.1] AndroidManifest.xml:54:13-118
239            android:exported="false" >
239-->[com.facebook.android:facebook-core:14.1.1] AndroidManifest.xml:55:13-37
240            <intent-filter>
240-->[com.facebook.android:facebook-core:14.1.1] AndroidManifest.xml:56:13-58:29
241                <action android:name="com.facebook.sdk.ACTION_CURRENT_AUTHENTICATION_TOKEN_CHANGED" />
241-->[com.facebook.android:facebook-core:14.1.1] AndroidManifest.xml:57:17-103
241-->[com.facebook.android:facebook-core:14.1.1] AndroidManifest.xml:57:25-100
242            </intent-filter>
243        </receiver>
244    </application>
245
246</manifest>